{"numTotalTestSuites":4,"numPassedTestSuites":2,"numFailedTestSuites":2,"numPendingTestSuites":0,"numTotalTests":22,"numPassedTests":21,"numFailedTests":1,"numPendingTests":0,"numTodoTests":0,"snapshot":{"added":0,"failure":false,"filesAdded":0,"filesRemoved":0,"filesRemovedList":[],"filesUnmatched":0,"filesUpdated":0,"matched":0,"total":0,"unchecked":0,"uncheckedKeysByFile":[],"unmatched":0,"updated":0,"didUpdate":false},"startTime":1788449757152,"success":false,"testResults":[{"assertionResults":[{"ancestorTitles":["WorkflowTriggerConfig"],"fullName":"WorkflowTriggerConfig 应该正确渲染触发器配置","status":"passed","title":"应该正确渲染触发器配置","duration":99.60630000000037,"failureMessages":[],"meta":{}},{"ancestorTitles":["WorkflowTriggerConfig"],"fullName":"WorkflowTriggerConfig 触发类型下拉框应包含指定时间选项","status":"passed","title":"触发类型下拉框应包含指定时间选项","duration":14.988599999999678,"failureMessages":[],"meta":{}},{"ancestorTitles":["WorkflowTriggerConfig"],"fullName":"WorkflowTriggerConfig 有可用字段时添加过滤条件应该新增条件并触发 update:trigger 事件","status":"failed","title":"有可用字段时添加过滤条件应该新增条件并触发 update:trigger 事件","duration":20.51000000000022,"failureMessages":["AssertionError: expected undefined to be truthy\n    at D:\\_dev\\fs_table\\smart-table-spec\\smart-table\\src\\components\\workflow\\__tests__\\WorkflowTriggerConfig.spec.ts:141:23\n    at file:///D:/_dev/fs_table/smart-table-spec/smart-table/node_modules/.pnpm/@vitest+runner@3.2.7/node_modules/@vitest/runner/dist/chunk-hooks.js:752:20"],"meta":{}},{"ancestorTitles":["WorkflowTriggerConfig"],"fullName":"WorkflowTriggerConfig 字段选择变更时应更新操作符和值","status":"passed","title":"字段选择变更时应更新操作符和值","duration":43.67530000000079,"failureMessages":[],"meta":{}},{"ancestorTitles":["WorkflowTriggerConfig"],"fullName":"WorkflowTriggerConfig 删除过滤条件应更新条件列表","status":"passed","title":"删除过滤条件应更新条件列表","duration":30.46980000000076,"failureMessages":[],"meta":{}},{"ancestorTitles":["WorkflowTriggerConfig","指定时间触发器"],"fullName":"WorkflowTriggerConfig 指定时间触发器 选择 specified_time 后隐藏监听字段和触发过滤条件区域","status":"passed","title":"选择 specified_time 后隐藏监听字段和触发过滤条件区域","duration":188.98349999999846,"failureMessages":[],"meta":{}},{"ancestorTitles":["WorkflowTriggerConfig","指定时间触发器"],"fullName":"WorkflowTriggerConfig 指定时间触发器 选择 specified_time 后显示定时器配置表单","status":"passed","title":"选择 specified_time 后显示定时器配置表单","duration":16.599199999998746,"failureMessages":[],"meta":{}},{"ancestorTitles":["WorkflowTriggerConfig","指定时间触发器"],"fullName":"WorkflowTriggerConfig 指定时间触发器 从事件类型切换到 specified_time 时清空 field_ids、conditions 并初始化 schedule","status":"passed","title":"从事件类型切换到 specified_time 时清空 field_ids、conditions 并初始化 schedule","duration":22.169200000000274,"failureMessages":[],"meta":{}},{"ancestorTitles":["WorkflowTriggerConfig","指定时间触发器"],"fullName":"WorkflowTriggerConfig 指定时间触发器 从 specified_time 切换回事件类型时清空 schedule","status":"passed","title":"从 specified_time 切换回事件类型时清空 schedule","duration":19.84389999999985,"failureMessages":[],"meta":{}},{"ancestorTitles":["WorkflowTriggerConfig","指定时间触发器"],"fullName":"WorkflowTriggerConfig 指定时间触发器 修改定时器配置字段应触发 update:trigger 事件并更新 schedule","status":"passed","title":"修改定时器配置字段应触发 update:trigger 事件并更新 schedule","duration":10.577300000000832,"failureMessages":[],"meta":{}},{"ancestorTitles":["WorkflowTriggerConfig","指定时间触发器"],"fullName":"WorkflowTriggerConfig 指定时间触发器 选择自定义重复时显示自定义间隔和单位","status":"passed","title":"选择自定义重复时显示自定义间隔和单位","duration":16.327400000000125,"failureMessages":[],"meta":{}},{"ancestorTitles":["WorkflowTriggerConfig","指定时间触发器"],"fullName":"WorkflowTriggerConfig 指定时间触发器 选择截止日期为指定日期时显示结束日期选择器","status":"passed","title":"选择截止日期为指定日期时显示结束日期选择器","duration":12.723599999999351,"failureMessages":[],"meta":{}},{"ancestorTitles":["WorkflowTriggerConfig","指定时间触发器"],"fullName":"WorkflowTriggerConfig 指定时间触发器 不重复模式下隐藏截止日期配置区域","status":"passed","title":"不重复模式下隐藏截止日期配置区域","duration":7.903800000000047,"failureMessages":[],"meta":{}},{"ancestorTitles":["WorkflowTriggerConfig","指定时间触发器"],"fullName":"WorkflowTriggerConfig 指定时间触发器 非不重复模式下显示截止日期配置区域","status":"passed","title":"非不重复模式下显示截止日期配置区域","duration":12.459399999999732,"failureMessages":[],"meta":{}},{"ancestorTitles":["WorkflowTriggerConfig","指定时间触发器"],"fullName":"WorkflowTriggerConfig 指定时间触发器 切换到不重复模式时自动清空截止日期数据","status":"passed","title":"切换到不重复模式时自动清空截止日期数据","duration":16.592999999998938,"failureMessages":[],"meta":{}},{"ancestorTitles":["WorkflowTriggerConfig","指定时间触发器"],"fullName":"WorkflowTriggerConfig 指定时间触发器 readonly 状态下定时器字段应被禁用","status":"passed","title":"readonly 状态下定时器字段应被禁用","duration":10.88299999999981,"failureMessages":[],"meta":{}},{"ancestorTitles":["WorkflowTriggerConfig","到达记录中的时间时触发器"],"fullName":"WorkflowTriggerConfig 到达记录中的时间时触发器 选择 record_time_reached 后显示时间字段选择器和触发过滤条件区域","status":"passed","title":"选择 record_time_reached 后显示时间字段选择器和触发过滤条件区域","duration":13.53309999999874,"failureMessages":[],"meta":{}},{"ancestorTitles":["WorkflowTriggerConfig","到达记录中的时间时触发器"],"fullName":"WorkflowTriggerConfig 到达记录中的时间时触发器 时间字段下拉仅包含日期和日期时间类型字段","status":"passed","title":"时间字段下拉仅包含日期和日期时间类型字段","duration":8.63090000000011,"failureMessages":[],"meta":{}},{"ancestorTitles":["WorkflowTriggerConfig","到达记录中的时间时触发器"],"fullName":"WorkflowTriggerConfig 到达记录中的时间时触发器 切换到 record_time_reached 时清空 schedule 并初始化 time_field_id","status":"passed","title":"切换到 record_time_reached 时清空 schedule 并初始化 time_field_id","duration":14.555000000000291,"failureMessages":[],"meta":{}},{"ancestorTitles":["WorkflowTriggerConfig","到达记录中的时间时触发器"],"fullName":"WorkflowTriggerConfig 到达记录中的时间时触发器 从 record_time_reached 切换回事件类型时清空 time_field_id","status":"passed","title":"从 record_time_reached 切换回事件类型时清空 time_field_id","duration":19.201199999999517,"failureMessages":[],"meta":{}},{"ancestorTitles":["WorkflowTriggerConfig","到达记录中的时间时触发器"],"fullName":"WorkflowTriggerConfig 到达记录中的时间时触发器 未选择时间字段时 validateTimeField 返回 false 且显示错误","status":"passed","title":"未选择时间字段时 validateTimeField 返回 false 且显示错误","duration":11.09269999999924,"failureMessages":[],"meta":{}},{"ancestorTitles":["WorkflowTriggerConfig","到达记录中的时间时触发器"],"fullName":"WorkflowTriggerConfig 到达记录中的时间时触发器 已选择时间字段时 validateTimeField 返回 true","status":"passed","title":"已选择时间字段时 validateTimeField 返回 true","duration":6.909299999999348,"failureMessages":[],"meta":{}}],"startTime":1788449765336,"endTime":1788449765955.9092,"status":"failed","message":"","name":"D:/_dev/fs_table/smart-table-spec/smart-table/src/components/workflow/__tests__/WorkflowTriggerConfig.spec.ts"}]}