<?xml version="1.0" encoding="utf-8"?><testsuites><testsuite name="pytest" errors="0" failures="0" skipped="0" tests="40" time="71.099" timestamp="2026-07-26T01:34:26.336592" hostname="MS-QJLOQRFAFHQF"><testcase classname="tests.test_workflow_loop.TestValidateLoopNode" name="test_valid_loop_node_passes_validation" time="0.001" /><testcase classname="tests.test_workflow_loop.TestValidateLoopNode" name="test_missing_loop_body_nodes_raises" time="0.001" /><testcase classname="tests.test_workflow_loop.TestValidateLoopNode" name="test_loop_body_nodes_not_list_raises" time="0.001" /><testcase classname="tests.test_workflow_loop.TestValidateLoopNode" name="test_condition_in_loop_body_raises" time="0.001" /><testcase classname="tests.test_workflow_loop.TestValidateLoopNode" name="test_invalid_max_iterations_raises" time="0.001" /><testcase classname="tests.test_workflow_loop.TestValidateLoopNode" name="test_invalid_error_handling_raises" time="0.001" /><testcase classname="tests.test_workflow_loop.TestValidateLoopNode" name="test_invalid_empty_result_action_raises" time="0.001" /><testcase classname="tests.test_workflow_loop.TestValidateLoopNode" name="test_nested_loop_exceeding_depth_3_raises" time="0.001" /><testcase classname="tests.test_workflow_loop.TestValidateLoopNode" name="test_nested_loop_depth_3_passes" time="0.002" /><testcase classname="tests.test_workflow_loop.TestCountLoopNodes" name="test_no_loop_nodes" time="0.001" /><testcase classname="tests.test_workflow_loop.TestCountLoopNodes" name="test_single_loop_node" time="0.001" /><testcase classname="tests.test_workflow_loop.TestCountLoopNodes" name="test_nested_loop_nodes" time="0.001" /><testcase classname="tests.test_workflow_loop.TestCountLoopNodes" name="test_non_list_input_returns_zero" time="0.001" /><testcase classname="tests.test_workflow_loop.TestCountLoopNodes" name="test_more_than_5_loops_in_create_workflow_raises" time="3.196" /><testcase classname="tests.test_workflow_loop.TestCreateWorkflowWithLoop" name="test_create_workflow_persists_loop_node_type" time="3.038" /><testcase classname="tests.test_workflow_loop.TestCreateWorkflowWithLoop" name="test_create_workflow_invalid_loop_raises" time="2.611" /><testcase classname="tests.test_workflow_loop.TestCreateWorkflowWithLoop" name="test_update_workflow_persists_loop_node_type" time="2.649" /><testcase classname="tests.test_workflow_loop.TestCreateWorkflowWithLoop" name="test_update_workflow_invalid_loop_raises" time="2.613" /><testcase classname="tests.test_workflow_loop.TestResolveLoopDataSource" name="test_find_records_all_returns_records_array" time="2.693" /><testcase classname="tests.test_workflow_loop.TestResolveLoopDataSource" name="test_find_records_all_with_custom_result_variable" time="2.995" /><testcase classname="tests.test_workflow_loop.TestResolveLoopDataSource" name="test_find_records_all_empty_returns_empty_list" time="3.092" /><testcase classname="tests.test_workflow_loop.TestResolveLoopDataSource" name="test_find_records_column_flattens_field_values" time="2.755" /><testcase classname="tests.test_workflow_loop.TestResolveLoopDataSource" name="test_find_records_column_dedupes_person_field" time="2.610" /><testcase classname="tests.test_workflow_loop.TestResolveLoopDataSource" name="test_trigger_field_returns_list_directly" time="3.040" /><testcase classname="tests.test_workflow_loop.TestResolveLoopDataSource" name="test_trigger_field_wraps_scalar_as_single_element_list" time="3.314" /><testcase classname="tests.test_workflow_loop.TestResolveLoopDataSource" name="test_trigger_field_empty_returns_empty_list" time="2.731" /><testcase classname="tests.test_workflow_loop.TestResolveLoopDataSource" name="test_webhook_array_returns_json_array" time="2.629" /><testcase classname="tests.test_workflow_loop.TestResolveLoopDataSource" name="test_webhook_array_missing_returns_empty_list" time="2.829" /><testcase classname="tests.test_workflow_loop.TestResolveLoopDataSource" name="test_unknown_type_returns_empty_list" time="3.088" /><testcase classname="tests.test_workflow_loop.TestExecuteLoopNode" name="test_loop_node_empty_result_skip_returns_next_nodes" time="3.152" /><testcase classname="tests.test_workflow_loop.TestExecuteLoopNode" name="test_loop_node_empty_result_error_raises" time="2.686" /><testcase classname="tests.test_workflow_loop.TestExecuteLoopNode" name="test_loop_node_executes_iterations_and_writes_log" time="2.913" /><testcase classname="tests.test_workflow_loop.TestExecuteLoopNode" name="test_loop_node_max_iterations_caps_total" time="3.683" /><testcase classname="tests.test_workflow_loop.TestExecuteLoopNode" name="test_loop_node_error_handling_skip_continues" time="3.549" /><testcase classname="tests.test_workflow_loop.TestExecuteLoopNode" name="test_loop_node_error_handling_terminate_raises" time="3.292" /><testcase classname="tests.test_workflow_loop.TestLoopBodyNodeWrapper" name="test_wrapper_exposes_attributes" time="0.001" /><testcase classname="tests.test_workflow_loop.TestLoopBodyNodeWrapper" name="test_wrapper_handles_empty_dict" time="0.001" /><testcase classname="tests.test_workflow_loop.TestLoopBodyNodeWrapper" name="test_wrapper_handles_none" time="0.001" /><testcase classname="tests.test_workflow_loop.TestBuildRenderContextWithLoop" name="test_render_context_loop_is_none_outside_loop" time="2.701" /><testcase classname="tests.test_workflow_loop.TestBuildRenderContextWithLoop" name="test_render_context_loop_includes_loop_context" time="3.149" /></testsuite></testsuites>